lip 14, 2021 9:10:48 AM com.praktyka.FilesManagement createFile
INFO: File already exists.
lip 14, 2021 9:10:48 AM com.praktyka.FilesManagement exists
INFO: Test.txt - exists.
lip 14, 2021 9:10:48 AM com.praktyka.FilesManagement info
INFO: File name: Test.txt 
lip 14, 2021 9:10:48 AM com.praktyka.FilesManagement info
INFO: File path: C:\Users\kacper.szwarga\Desktop\Skrypty\Test.txt 
lip 14, 2021 9:10:48 AM com.praktyka.FilesManagement info
INFO: File size: 12 bytes 
lip 14, 2021 9:10:48 AM com.praktyka.FilesManagement info
INFO: File last time modified: 2021-07-12 
lip 14, 2021 9:10:48 AM com.praktyka.FilesManagement readFile
INFO: Some content
lip 14, 2021 9:10:48 AM com.praktyka.FilesManagement info
INFO: File name: PlikiSkryptowe.zip 
lip 14, 2021 9:10:48 AM com.praktyka.FilesManagement info
INFO: File path: C:\Users\kacper.szwarga\Desktop\Skrypty\PlikiSkryptowe.zip 
lip 14, 2021 9:10:48 AM com.praktyka.FilesManagement info
INFO: File size: 3 899 bytes 
lip 14, 2021 9:10:48 AM com.praktyka.FilesManagement info
INFO: File last time modified: 2021-07-09 
lip 14, 2021 9:10:48 AM com.praktyka.FilesManagement info
INFO: File name: Test.txt 
lip 14, 2021 9:10:48 AM com.praktyka.FilesManagement info
INFO: File path: C:\Users\kacper.szwarga\Desktop\Skrypty\Test.txt 
lip 14, 2021 9:10:48 AM com.praktyka.FilesManagement info
INFO: File size: 12 bytes 
lip 14, 2021 9:10:48 AM com.praktyka.FilesManagement info
INFO: File last time modified: 2021-07-12 
